f:\eda_tp3\tp3\tp3\debug\vc140.pdb
f:\eda_tp3\tp3\tp3\debug\vc140.idb
f:\eda_tp3\tp3\tp3\debug\graphic_simluation.obj
f:\eda_tp3\tp3\tp3\debug\histogram.obj
f:\eda_tp3\tp3\tp3\debug\main.obj
f:\eda_tp3\tp3\tp3\debug\model.obj
f:\eda_tp3\tp3\tp3\debug\utils.obj
f:\eda_tp3\tp3\tp3\debug\main.obj.enc
f:\eda_tp3\tp3\tp3\debug\graphic_simluation.obj.enc
f:\eda_tp3\tp3\tp3\debug\vc141.idb
f:\eda_tp3\tp3\tp3\debug\vc141.pdb
f:\eda_tp3\tp3\debug\tp3.pdb
f:\eda_tp3\tp3\tp3\debug\tp3.tlog\cl.write.1.tlog
f:\eda_tp3\tp3\tp3\debug\tp3.tlog\link.5440-cvtres.write.1.tlog
f:\eda_tp3\tp3\tp3\debug\tp3.tlog\cl.read.1.tlog
f:\eda_tp3\tp3\tp3\debug\tp3.tlog\link-rc.read.1.tlog
f:\eda_tp3\tp3\tp3\debug\tp3.tlog\link-cvtres.write.1.tlog
f:\eda_tp3\tp3\tp3\debug\tp3.tlog\link.5440.write.1.tlog
f:\eda_tp3\tp3\tp3\debug\tp3.tlog\link.5440.read.1.tlog
f:\eda_tp3\tp3\tp3\debug\tp3.tlog\link.5440-cvtres.read.1.tlog
f:\eda_tp3\tp3\tp3\debug\tp3.tlog\link-cvtres.read.1.tlog
f:\eda_tp3\tp3\tp3\debug\tp3.tlog\link-rc.write.1.tlog
f:\eda_tp3\tp3\tp3\debug\tp3.tlog\link.5440-rc.write.1.tlog
f:\eda_tp3\tp3\tp3\debug\tp3.tlog\cl.command.1.tlog
f:\eda_tp3\tp3\tp3\debug\tp3.tlog\link.command.1.tlog
f:\eda_tp3\tp3\tp3\debug\tp3.tlog\link.read.1.tlog
f:\eda_tp3\tp3\tp3\debug\tp3.tlog\link.5440-rc.read.1.tlog
f:\eda_tp3\tp3\tp3\debug\tp3.tlog\link.write.1.tlog
