c:\users\compaq-cq50\source\repos\tp8-eda\tp8\x64\debug\vc141.pdb
c:\users\compaq-cq50\source\repos\tp8-eda\tp8\x64\debug\vc141.idb
c:\users\compaq-cq50\source\repos\tp8-eda\tp8\x64\debug\ev_handler.obj
c:\users\compaq-cq50\source\repos\tp8-eda\tp8\x64\debug\image_desc.obj
c:\users\compaq-cq50\source\repos\tp8-eda\tp8\x64\debug\imgs_catalog.obj
c:\users\compaq-cq50\source\repos\tp8-eda\tp8\x64\debug\main.obj
c:\users\compaq-cq50\source\repos\tp8-eda\tp8\x64\debug\lodepng.obj
c:\users\compaq-cq50\source\repos\tp8-eda\tp8\x64\debug\filesys_utils.obj
c:\users\compaq-cq50\source\repos\tp8-eda\tp8\x64\debug\allegro_init.obj
c:\users\compaq-cq50\source\repos\tp8-eda\tp8\x64\debug\mosaico.obj
c:\users\compaq-cq50\source\repos\tp8-eda\tp8\x64\debug\utils.obj
c:\users\compaq-cq50\source\repos\tp8-eda\x64\debug\tp8.exe
c:\users\compaq-cq50\source\repos\tp8-eda\x64\debug\tp8.ilk
c:\users\compaq-cq50\source\repos\tp8-eda\x64\debug\tp8.pdb
c:\users\compaq-cq50\source\repos\tp8-eda\tp8\x64\debug\menu_handler.obj
c:\users\compaq-cq50\source\repos\tp8-eda\tp8\x64\debug\filesys_utils.nativecodeanalysis.xml
c:\users\compaq-cq50\source\repos\tp8-eda\tp8\x64\debug\lodepng.nativecodeanalysis.xml
c:\users\compaq-cq50\source\repos\tp8-eda\tp8\x64\debug\main.nativecodeanalysis.xml
c:\users\compaq-cq50\source\repos\tp8-eda\tp8\x64\debug\utils.nativecodeanalysis.xml
c:\users\compaq-cq50\source\repos\tp8-eda\tp8\x64\debug\tp8.tlog\cl.command.1.tlog
c:\users\compaq-cq50\source\repos\tp8-eda\tp8\x64\debug\tp8.tlog\cl.read.1.tlog
c:\users\compaq-cq50\source\repos\tp8-eda\tp8\x64\debug\tp8.tlog\cl.write.1.tlog
c:\users\compaq-cq50\source\repos\tp8-eda\tp8\x64\debug\tp8.tlog\link.command.1.tlog
c:\users\compaq-cq50\source\repos\tp8-eda\tp8\x64\debug\tp8.tlog\link.read.1.tlog
c:\users\compaq-cq50\source\repos\tp8-eda\tp8\x64\debug\tp8.tlog\link.write.1.tlog
