c:\users\joa-m\onedrive\documentos\github\tp7_eda\tp7_eda\x64\release\tp7_eda.pch
c:\users\joa-m\onedrive\documentos\github\tp7_eda\tp7_eda\x64\release\vc141.pdb
c:\users\joa-m\onedrive\documentos\github\tp7_eda\tp7_eda\x64\release\stdafx.obj
c:\users\joa-m\onedrive\documentos\github\tp7_eda\tp7_eda\x64\release\worm.obj
c:\users\joa-m\onedrive\documentos\github\tp7_eda\tp7_eda\x64\release\main.obj
c:\users\joa-m\onedrive\documentos\github\tp7_eda\tp7_eda\x64\release\output.obj
c:\users\joa-m\onedrive\documentos\github\tp7_eda\tp7_eda\x64\release\network.obj
c:\users\joa-m\onedrive\documentos\github\tp7_eda\tp7_eda\x64\release\generic_state.obj
c:\users\joa-m\onedrive\documentos\github\tp7_eda\tp7_eda\x64\release\generic_event.obj
c:\users\joa-m\onedrive\documentos\github\tp7_eda\tp7_eda\x64\release\fsm.obj
c:\users\joa-m\onedrive\documentos\github\tp7_eda\tp7_eda\x64\release\event_generator.obj
c:\users\joa-m\onedrive\documentos\github\tp7_eda\tp7_eda\x64\release\controller.obj
c:\users\joa-m\onedrive\documentos\github\tp7_eda\tp7_eda\x64\release\cevent.obj
c:\users\joa-m\onedrive\documentos\github\tp7_eda\x64\release\tp7_eda.exe
c:\users\joa-m\onedrive\documentos\github\tp7_eda\x64\release\tp7_eda.pdb
c:\users\joa-m\onedrive\documentos\github\tp7_eda\x64\release\tp7_eda.ipdb
c:\users\joa-m\onedrive\documentos\github\tp7_eda\x64\release\tp7_eda.iobj
c:\users\joa-m\onedrive\documentos\github\tp7_eda\tp7_eda\x64\release\tp7_eda.tlog\cl.command.1.tlog
c:\users\joa-m\onedrive\documentos\github\tp7_eda\tp7_eda\x64\release\tp7_eda.tlog\cl.read.1.tlog
c:\users\joa-m\onedrive\documentos\github\tp7_eda\tp7_eda\x64\release\tp7_eda.tlog\cl.write.1.tlog
c:\users\joa-m\onedrive\documentos\github\tp7_eda\tp7_eda\x64\release\tp7_eda.tlog\link.command.1.tlog
c:\users\joa-m\onedrive\documentos\github\tp7_eda\tp7_eda\x64\release\tp7_eda.tlog\link.read.1.tlog
c:\users\joa-m\onedrive\documentos\github\tp7_eda\tp7_eda\x64\release\tp7_eda.tlog\link.write.1.tlog
c:\users\joa-m\onedrive\documentos\github\tp7_eda\tp7_eda\x64\release\tp7_eda.tlog\tp7_eda.write.1u.tlog
